Phonological rules discovered: 
	oo -> o
	ooz -> oz
	ee -> e
	eez -> ez
	áo -> á
	áol -> ál
	áu -> á
	ául -> ál
	ío -> í
	íol -> íl
	íu -> í
	íul -> íl
	ao -> a
	aoz -> az
	úo -> ú
	úol -> úl
	úu -> ú
	úul -> úl
	öe -> ö
	öez -> öz
	űe -> ű
	űel -> űl
	űö -> ű
	űöl -> űl
	óo -> ó
	óoz -> óz
	őe -> ő
	őez -> őz
	io -> i
	ioz -> iz
	ie -> i
	iez -> iz
	éo -> é
	éoz -> éz
	ée -> é
	éez -> éz

Morphological changes:
	[zi] -> [dzte]	infix
	[zi] -> [dzta]	infix
	[ßi] -> [dte]	infix
	[i] -> [otta]	infix
	[i] -> [ette]	infix
	[i] -> [te]	infix
	[zi] -> [ozta]	infix
	[i] -> [ta]	infix
	[li] -> [ulta]	infix
	[i] -> [ötte]	infix
	[ßi] -> [odta]	infix
	[zi] -> [ezte]	infix
	[li] -> [olta]	infix
	[li] -> [elte]	infix
	[li] -> [odta]	infix
	[i] -> [lette]	infix
	[ßi] -> [tte]	infix
	[ßi] -> [tta]	infix
	[li] -> [ölte]	infix

