Phonological rules discovered: 
	oo -> o
	ooz -> oz
	ee -> e
	eez -> ez
	áo -> á
	áol -> ál
	áu -> á
	ául -> ál
	ío -> í
	íol -> íl
	íu -> í
	íul -> íl
	ao -> a
	aoz -> az
	eö -> e
	eöl -> el
	iuß -> iß
	úo -> ú
	úol -> úl
	úu -> ú
	úul -> úl
	öe -> ö
	öez -> öz
	űe -> ű
	űel -> űl
	űö -> ű
	űöl -> űl
	óo -> ó
	óoz -> óz
	őe -> ő
	őez -> őz
	io -> i
	ioz -> iz
	ie -> i
	iez -> iz
	au -> a
	auß -> aß
	éo -> é
	éoz -> éz
	öö -> ö
	ööz -> öz
	őö -> ő
	őöz -> őz
	iö -> i
	iöz -> iz
	ée -> é
	éez -> éz
	éö -> é
	éöz -> éz
	áe -> á
	áel -> ál
	íe -> í
	íel -> íl
	úe -> ú
	úel -> úl
	uo -> u
	uoz -> uz
	eo -> e
	eoz -> ez
	ou -> o
	ouß -> oß

Morphological changes:
	[zi] -> [ezün]	infix
	[ßi] -> [edün]	infix
	[li] -> [elün]	infix
	[zi] -> [dzun]	infix
	[zi] -> [özün]	infix
	[li] -> [ölün]	infix
	[zi] -> [dzün]	infix
	[ßi] -> [ußun]	infix
	[zi] -> [ozun]	infix
	[i] -> [un]	infix
	[li] -> [ulun]	infix
	[ßi] -> [odun]	infix
	[li] -> [olun]	infix
	[ßi] -> [ezün]	infix
	[di] -> [ßun]	infix
	[i] -> [ün]	infix
	[li] -> [elun]	infix

