Phonological rules discovered: 
	oo -> o
	ooz -> oz
	ee -> e
	eez -> ez
	áo -> á
	áol -> ál
	áu -> á
	ául -> ál
	ío -> í
	íol -> íl
	íu -> í
	íul -> íl
	ao -> a
	aoz -> az
	eö -> e
	eöl -> el
	úo -> ú
	úol -> úl
	úu -> ú
	úul -> úl
	öe -> ö
	öez -> öz
	űö -> ű
	űöl -> űl
	óo -> ó
	óoz -> óz
	őe -> ő
	őez -> őz
	io -> i
	ioz -> iz
	ie -> i
	iez -> iz
	éo -> é
	éoz -> éz
	ée -> é
	éez -> éz
	uo -> u
	uoz -> uz

Morphological changes:
	[ßik] -> [udna]	suffix
	[i] -> [né]	infix
	[ßik] -> [odna]	suffix
	[zik] -> [dzne]	suffix
	[lik] -> [ölne]	suffix
	[zik] -> [dzna]	suffix
	[ik] -> [ne]	suffix
	[ik] -> [na]	suffix
	[] -> [ne]	suffix
	[ßik] -> [nne]	suffix
	[zik] -> [ozna]	suffix
	[ßik] -> [nna]	suffix
	[ik] -> [ene]	suffix
	[lik] -> [ulna]	suffix
	[zik] -> [ezne]	suffix
	[ßik] -> [dne]	suffix
	[ik] -> [ana]	suffix
	[lik] -> [olna]	suffix

